{
  "RSpec": {
    "coverage": {
      "/Users/gilani/Sandbox/paybot-api/app/channels/application_cable/channel.rb": [
        0,
        0,
        0,
        0,
        0
      ],
      "/Users/gilani/Sandbox/paybot-api/app/channels/application_cable/connection.rb": [
        0,
        0,
        0,
        0,
        0
      ],
      "/Users/gilani/Sandbox/paybot-api/app/controllers/application_controller.rb": [
        0,
        0,
        0,
        0
      ],
      "/Users/gilani/Sandbox/paybot-api/app/controllers/info_controller.rb": [
        0,
        0,
        0,
        0,
        0,
        0,
        0,
        0
      ],
      "/Users/gilani/Sandbox/paybot-api/app/jobs/application_job.rb": [
        0,
        0,
        0
      ],
      "/Users/gilani/Sandbox/paybot-api/app/mailers/application_mailer.rb": [
        0,
        0,
        0,
        0,
        0
      ],
      "/Users/gilani/Sandbox/paybot-api/app/models/application_record.rb": [
        0,
        0,
        0,
        0
      ],
      "/Users/gilani/Sandbox/paybot-api/app/models/user.rb": [
        0,
        0,
        0,
        0,
        0,
        0,
        0,
        0
      ],
      "/Users/gilani/Sandbox/paybot-api/app/policies/application_policy.rb": [
        0,
        0,
        0,
        0,
        0,
        0,
        0,
        0,
        0,
        0,
        0,
        0,
        0,
        0,
        0,
        0,
        0,
        0,
        0,
        0,
        0,
        0,
        0,
        0,
        0,
        0,
        0,
        0,
        0,
        0,
        0,
        0,
        0,
        0,
        0,
        0,
        0,
        0,
        0,
        0,
        0,
        0,
        0,
        0,
        0,
        0,
        0,
        0,
        0,
        0,
        0,
        0,
        0,
        0
      ]
    },
    "timestamp": 1486885665
  }
}
